d:\data\my_work\generalpurposeunittestutility\v1.0\generalcontrolsoftware\generalcontrolsoftware\x64\release\qrc_generalcontrolsoftware.obj
d:\data\my_work\generalpurposeunittestutility\v1.0\generalcontrolsoftware\generalcontrolsoftware\x64\release\cconfig.obj
d:\data\my_work\generalpurposeunittestutility\v1.0\generalcontrolsoftware\generalcontrolsoftware\x64\release\activedsignalcfg.obj
d:\data\my_work\generalpurposeunittestutility\v1.0\generalcontrolsoftware\generalcontrolsoftware\x64\release\cgeneralcontrolsoftware.obj
d:\data\my_work\generalpurposeunittestutility\v1.0\generalcontrolsoftware\generalcontrolsoftware\x64\release\main.obj
d:\data\my_work\generalpurposeunittestutility\v1.0\generalcontrolsoftware\generalcontrolsoftware\x64\release\moc_cgeneralcontrolsoftware.obj
d:\data\my_work\generalpurposeunittestutility\v1.0\generalcontrolsoftware\generalcontrolsoftware\x64\release\moc_activedsignalcfg.obj
d:\data\my_work\generalpurposeunittestutility\v1.0\generalcontrolsoftware\generalcontrolsoftware\x64\release\uic\ui_cgeneralcontrolsoftware.h
d:\data\my_work\generalpurposeunittestutility\v1.0\generalcontrolsoftware\generalcontrolsoftware\x64\release\rcc\qrc_generalcontrolsoftware.cpp
d:\data\my_work\generalpurposeunittestutility\v1.0\generalcontrolsoftware\generalcontrolsoftware\x64\release\uic\ui_activedsignalcfg.h
d:\data\my_work\generalpurposeunittestutility\v1.0\generalcontrolsoftware\generalcontrolsoftware\x64\release\moc\moc_cgeneralcontrolsoftware.cpp
d:\data\my_work\generalpurposeunittestutility\v1.0\generalcontrolsoftware\generalcontrolsoftware\x64\release\moc\moc_activedsignalcfg.cpp
d:\data\my_work\generalpurposeunittestutility\v1.0\generalcontrolsoftware\x64\release\generalcontrolsoftware.exe
d:\data\my_work\generalpurposeunittestutility\v1.0\generalcontrolsoftware\generalcontrolsoftware\x64\release\generalc.ee899855.tlog\cl.command.1.tlog
d:\data\my_work\generalpurposeunittestutility\v1.0\generalcontrolsoftware\generalcontrolsoftware\x64\release\generalc.ee899855.tlog\cl.read.1.tlog
d:\data\my_work\generalpurposeunittestutility\v1.0\generalcontrolsoftware\generalcontrolsoftware\x64\release\generalc.ee899855.tlog\cl.write.1.tlog
d:\data\my_work\generalpurposeunittestutility\v1.0\generalcontrolsoftware\generalcontrolsoftware\x64\release\generalc.ee899855.tlog\generalcontrolsoftware.write.1u.tlog
d:\data\my_work\generalpurposeunittestutility\v1.0\generalcontrolsoftware\generalcontrolsoftware\x64\release\generalc.ee899855.tlog\link.command.1.tlog
d:\data\my_work\generalpurposeunittestutility\v1.0\generalcontrolsoftware\generalcontrolsoftware\x64\release\generalc.ee899855.tlog\link.read.1.tlog
d:\data\my_work\generalpurposeunittestutility\v1.0\generalcontrolsoftware\generalcontrolsoftware\x64\release\generalc.ee899855.tlog\link.write.1.tlog
d:\data\my_work\generalpurposeunittestutility\v1.0\generalcontrolsoftware\generalcontrolsoftware\x64\release\generalc.ee899855.tlog\moc.read.1u.tlog
d:\data\my_work\generalpurposeunittestutility\v1.0\generalcontrolsoftware\generalcontrolsoftware\x64\release\generalc.ee899855.tlog\moc.write.1u.tlog
d:\data\my_work\generalpurposeunittestutility\v1.0\generalcontrolsoftware\generalcontrolsoftware\x64\release\generalc.ee899855.tlog\rcc.read.1u.tlog
d:\data\my_work\generalpurposeunittestutility\v1.0\generalcontrolsoftware\generalcontrolsoftware\x64\release\generalc.ee899855.tlog\rcc.write.1u.tlog
d:\data\my_work\generalpurposeunittestutility\v1.0\generalcontrolsoftware\generalcontrolsoftware\x64\release\generalc.ee899855.tlog\uic.read.1u.tlog
d:\data\my_work\generalpurposeunittestutility\v1.0\generalcontrolsoftware\generalcontrolsoftware\x64\release\generalc.ee899855.tlog\uic.write.1u.tlog
